[2018-10-16 10:14:00] SD.ERROR: WORKER Error Undefined index: salt (/home/vagrant/code/message/src/app/Models/UserModel.php:83) [] []
[2018-10-16 10:15:09] SD.ERROR: WORKER Error Undefined index: salt (/home/vagrant/code/message/src/app/Models/UserModel.php:84) [] []
[2018-10-16 11:05:16] SD.ERROR: WORKER EXIT UNEXPECTED Uncaught Error: Class 'app\Lib\Validator' not found in /home/vagrant/code/message/vendor/tmtbe/swooledistributed/src/Server/Memory/Pool.php:52 Stack trace: #0 /home/vagrant/code/message/src/app/Controllers/Api/BaseController.php(93): Server\Memory\Pool->get('app\\Lib\\Validat...') #1 /home/vagrant/code/message/src/app/Controllers/Api/Frontend/AuthController.php(38): app\Controllers\Api\BaseController->validate('post', Array) #2 [internal function]: app\Controllers\Api\Frontend\AuthController->actionRegister() #3 /home/vagrant/code/message/vendor/tmtbe/swooledistributed/src/Server/Coroutine/CoroutineTask.php(59): Generator->current() #4 /home/vagrant/code/message/vendor/tmtbe/swooledistributed/src/Server/Coroutine/CoroutineTask.php(64): Server\Coroutine\CoroutineTask->run() #5 /home/vagrant/code/message/vendor/tmtbe/swooledistributed/src/Server/Coroutine/CoroutineTask.php(84): Server\Coroutine\CoroutineTask->run() #6 /home/vagrant/code/message/vendor/tmtbe/swooledistributed/src/Server/Coroutine/CoroutineTask.p (/home/vagrant/code/message/vendor/tmtbe/swooledistributed/src/Server/Memory/Pool.php:52) Stack trace: #0 unknown(0): app\AppServer->checkErrors()  [] []
[2018-10-16 11:05:16] SD.ALERT: WORKER Error {"worker_id":3,"worker_pid":31322,"exit_code":255} [] []
[2018-10-16 11:05:51] SD.ERROR: WORKER Error addslashes() expects parameter 1 to be string, array given (/home/vagrant/code/message/vendor/tmtbe/swooledistributed/src/Server/Asyn/Mysql/Miner.php:1333) [] []
[2018-10-16 11:05:51] SD.ERROR: [mysql]:Field 'token' doesn't have a default value[sql]:rollback #0 /home/vagrant/code/message/vendor/tmtbe/swooledistributed/src/Server/Coroutine/CoroutineTask.php(69): Server\Asyn\Mysql\MySqlCoroutine->getResult() #1 /home/vagrant/code/message/vendor/tmtbe/swooledistributed/src/Server/Coroutine/CoroutineBase.php(145): Server\Coroutine\CoroutineTask->run() #2 /home/vagrant/code/message/vendor/tmtbe/swooledistributed/src/Server/Asyn/Mysql/MySqlCoroutine.php(46): Server\Coroutine\CoroutineBase->immediateExecution() #3 [internal function]: Server\Asyn\Mysql\MySqlCoroutine->Server\Asyn\Mysql\{closure}(Array) #4 /home/vagrant/code/message/vendor/tmtbe/swooledistributed/src/Server/Asyn/AsynPool.php(112): call_user_func(Object(Closure), Array) #5 /home/vagrant/code/message/vendor/tmtbe/swooledistributed/src/Server/Asyn/Mysql/MysqlAsynPool.php(181): Server\Asyn\AsynPool->distribute(Array) #6 [internal function]: Server\Asyn\Mysql\MysqlAsynPool->Server\Asyn\Mysql\{closure}(Object(swoole_mysql), false) #7 /home/vagrant/code/message/vendor/tmtbe/swooledistributed/src/Server/SwooleWebSocketServer.php(76): swoole_http_server->start() #8 /home/vagrant/code/message/vendor/tmtbe/swooledistributed/src/Server/SwooleDistributedServer.php(149): Server\SwooleWebSocketServer->start() #9 /home/vagrant/code/message/vendor/tmtbe/swooledistributed/src/Server/Start.php(349): Server\SwooleDistributedServer->start() #10 /home/vagrant/code/message/vendor/tmtbe/swooledistributed/src/Server/Start.php(82): Server\Start::startSwoole() #11 /home/vagrant/code/message/bin/start_swoole_server.php(12): Server\Start::run() #12 {main} {"RunStack":["Server\\Middlewares\\MonitorMiddleware::before_handle","Server\\Middlewares\\NormalHttpMiddleware::before_handle","app\\Controllers\\Api\\Frontend\\AuthController::setRequestResponse","app\\Controllers\\Api\\Frontend\\AuthController::actionRegister","app\\Models\\UserModel::register","app\\Controllers\\Api\\Frontend\\AuthController::onExceptionHandle"],"start_time":"2018-10-16 11:05:51","request_id":"15396591513592871810","controller_name":"Api\\Frontend\\AuthController","method_name":"Api\\Frontend\\AuthController::actionRegister","ip":"192.168.10.10"} []
[2018-10-16 11:05:51] SD.ERROR: WORKER Error Undefined index: 00000000185aa133000000003b1892241 (/home/vagrant/code/message/vendor/tmtbe/swooledistributed/src/Server/Asyn/Mysql/MysqlAsynPool.php:221) [] []
[2018-10-16 11:07:17] SD.ERROR: WORKER Error addslashes() expects parameter 1 to be string, array given (/home/vagrant/code/message/vendor/tmtbe/swooledistributed/src/Server/Asyn/Mysql/Miner.php:1333) [] []
[2018-10-16 11:07:44] SD.ERROR: WORKER Error addslashes() expects parameter 1 to be string, array given (/home/vagrant/code/message/vendor/tmtbe/swooledistributed/src/Server/Asyn/Mysql/Miner.php:1333) [] []
[2018-10-16 11:08:38] SD.ERROR: WORKER Error addslashes() expects parameter 1 to be string, array given (/home/vagrant/code/message/vendor/tmtbe/swooledistributed/src/Server/Asyn/Mysql/Miner.php:1333) [] []
[2018-10-16 11:13:00] SD.ERROR: WORKER Error addslashes() expects parameter 1 to be string, array given (/home/vagrant/code/message/vendor/tmtbe/swooledistributed/src/Server/Asyn/Mysql/Miner.php:1333) [] []
[2018-10-16 11:16:51] SD.ERROR: WORKER Error addslashes() expects parameter 1 to be string, array given (/home/vagrant/code/message/vendor/tmtbe/swooledistributed/src/Server/Asyn/Mysql/Miner.php:1333) [] []
[2018-10-16 11:17:45] SD.ERROR: WORKER Error addslashes() expects parameter 1 to be string, array given (/home/vagrant/code/message/vendor/tmtbe/swooledistributed/src/Server/Asyn/Mysql/Miner.php:1333) [] []
[2018-10-16 11:55:18] SD.ERROR: WORKER EXIT UNEXPECTED Uncaught Error: Cannot use object of type Generator as array in /home/vagrant/code/message/src/app/Controllers/Api/BaseController.php:59 Stack trace: #0 /home/vagrant/code/message/src/app/Controllers/Api/Frontend/AuthController.php(46): app\Controllers\Api\BaseController->autoReturn(Object(Generator)) #1 [internal function]: app\Controllers\Api\Frontend\AuthController->actionRegisterCode() #2 /home/vagrant/code/message/vendor/tmtbe/swooledistributed/src/Server/Components/AOP/Proxy.php(31): call_user_func_array(Array, Array) #3 [internal function]: Server\Components\AOP\Proxy->__call('actionRegisterC...', Array) #4 /home/vagrant/code/message/vendor/tmtbe/swooledistributed/src/Server/CoreBase/Controller.php(163): call_user_func(Array) #5 [internal function]: Server\CoreBase\Controller->execute('Api\\Frontend\\Au...', 'actionRegisterC...', NULL) #6 /home/vagrant/code/message/vendor/tmtbe/swooledistributed/src/Server/Coroutine/CoroutineTask.php(83): Generator->send(NULL) #7 /home/vagrant/code/message/vendor/tmtbe (/home/vagrant/code/message/src/app/Controllers/Api/BaseController.php:59) Stack trace: #0 unknown(0): app\AppServer->checkErrors()  [] []
[2018-10-16 11:55:18] SD.ALERT: WORKER Error {"worker_id":3,"worker_pid":1187,"exit_code":255} [] []
[2018-10-16 11:56:20] SD.ERROR: WORKER EXIT UNEXPECTED Uncaught Error: Cannot use object of type Generator as array in /home/vagrant/code/message/src/app/Controllers/Api/BaseController.php:60 Stack trace: #0 /home/vagrant/code/message/src/app/Controllers/Api/Frontend/AuthController.php(46): app\Controllers\Api\BaseController->autoReturn(Object(Generator)) #1 [internal function]: app\Controllers\Api\Frontend\AuthController->actionRegisterCode() #2 /home/vagrant/code/message/vendor/tmtbe/swooledistributed/src/Server/Components/AOP/Proxy.php(31): call_user_func_array(Array, Array) #3 [internal function]: Server\Components\AOP\Proxy->__call('actionRegisterC...', Array) #4 /home/vagrant/code/message/vendor/tmtbe/swooledistributed/src/Server/CoreBase/Controller.php(163): call_user_func(Array) #5 [internal function]: Server\CoreBase\Controller->execute('Api\\Frontend\\Au...', 'actionRegisterC...', NULL) #6 /home/vagrant/code/message/vendor/tmtbe/swooledistributed/src/Server/Coroutine/CoroutineTask.php(83): Generator->send(NULL) #7 /home/vagrant/code/message/vendor/tmtbe (/home/vagrant/code/message/src/app/Controllers/Api/BaseController.php:60) Stack trace: #0 unknown(0): app\AppServer->checkErrors()  [] []
[2018-10-16 11:56:20] SD.ALERT: WORKER Error {"worker_id":3,"worker_pid":1335,"exit_code":255} [] []
[2018-10-16 13:05:26] SD.ERROR: WORKER EXIT UNEXPECTED Uncaught TypeError: Argument 2 passed to app\Controllers\Api\BaseController::success() must be of the type array or null, object given, called in /home/vagrant/code/message/src/app/Controllers/Api/Frontend/UploadController.php on line 16 and defined in /home/vagrant/code/message/src/app/Controllers/Api/BaseController.php:42 Stack trace: #0 /home/vagrant/code/message/src/app/Controllers/Api/Frontend/UploadController.php(16): app\Controllers\Api\BaseController->success('\xE8\x8E\xB7\xE5\x8F\x96\xE6\x88\x90\xE5\x8A\x9F', Object(Noodlehaus\Config)) #1 [internal function]: app\Controllers\Api\Frontend\UploadController->actionToken() #2 /home/vagrant/code/message/vendor/tmtbe/swooledistributed/src/Server/Components/AOP/Proxy.php(31): call_user_func_array(Array, Array) #3 [internal function]: Server\Components\AOP\Proxy->__call('actionToken', Array) #4 /home/vagrant/code/message/vendor/tmtbe/swooledistributed/src/Server/CoreBase/Controller.php(163): call_user_func(Array) #5 [internal function]: Server\CoreBase\Contr (/home/vagrant/code/message/src/app/Controllers/Api/BaseController.php:42) Stack trace: #0 unknown(0): app\AppServer->checkErrors()  [] []
[2018-10-16 13:05:26] SD.ALERT: WORKER Error {"worker_id":3,"worker_pid":2521,"exit_code":255} [] []
[2018-10-16 13:14:37] SD.ERROR: WORKER Error require_once(../../config/params.php): failed to open stream: No such file or directory (/home/vagrant/code/message/src/app/Middlewares/ParamsMiddleware.php:20) [] []
[2018-10-16 13:14:37] SD.ERROR: WORKER EXIT UNEXPECTED require_once(): Failed opening required '../../config/params.php' (include_path='.:/usr/share/php') (/home/vagrant/code/message/src/app/Middlewares/ParamsMiddleware.php:20) Stack trace: #0 unknown(0): app\AppServer->checkErrors()  [] []
[2018-10-16 13:14:37] SD.ALERT: WORKER Error {"worker_id":3,"worker_pid":3054,"exit_code":255} [] []
[2018-10-16 13:36:51] SD.ERROR: WORKER EXIT UNEXPECTED Trait 'app\Traits\ConfigTrait' not found (/home/vagrant/code/message/src/app/Middlewares/ParamsMiddleware.php:17) Stack trace: #0 unknown(0): app\AppServer->checkErrors()  [] []
[2018-10-16 13:38:23] SD.ERROR: WORKER Error Undefined index: error (/home/vagrant/code/message/src/app/Services/UploadService.php:25) [] []
[2018-10-16 13:40:12] SD.ERROR: WORKER Error Undefined index: error (/home/vagrant/code/message/src/app/Services/UploadService.php:25) [] []
[2018-10-16 13:40:20] SD.ERROR: WORKER Error Undefined index: error (/home/vagrant/code/message/src/app/Services/UploadService.php:25) [] []
[2018-10-16 13:40:22] SD.ERROR: WORKER Error Undefined index: error (/home/vagrant/code/message/src/app/Services/UploadService.php:25) [] []
[2018-10-16 13:41:31] SD.ERROR: WORKER Error Undefined index: error (/home/vagrant/code/message/src/app/Services/UploadService.php:26) [] []
[2018-10-16 13:42:18] SD.ERROR: WORKER Error Undefined index: error (/home/vagrant/code/message/src/app/Services/UploadService.php:26) [] []
[2018-10-16 13:45:05] SD.ERROR: WORKER Error Undefined index: error (/home/vagrant/code/message/src/app/Services/UploadService.php:26) [] []
[2018-10-16 19:09:12] SD.ERROR: WORKER EXIT UNEXPECTED Uncaught Error: Cannot use object of type Generator as array in /home/vagrant/code/message/src/app/Controllers/Api/Frontend/TokenController.php:31 Stack trace: #0 /home/vagrant/code/message/src/app/Controllers/Api/Frontend/UploadController.php(24): app\Controllers\Api\Frontend\TokenController->initialization('Api\\Frontend\\Up...', 'actionToken') #1 /home/vagrant/code/message/vendor/tmtbe/swooledistributed/src/Server/CoreBase/Controller.php(161): app\Controllers\Api\Frontend\UploadController->initialization('Api\\Frontend\\Up...', 'actionToken') #2 [internal function]: Server\CoreBase\Controller->execute('Api\\Frontend\\Up...', 'actionToken', NULL) #3 /home/vagrant/code/message/vendor/tmtbe/swooledistributed/src/Server/Coroutine/CoroutineTask.php(59): Generator->current() #4 /home/vagrant/code/message/vendor/tmtbe/swooledistributed/src/Server/Coroutine/CoroutineTask.php(64): Server\Coroutine\CoroutineTask->run() #5 /home/vagrant/code/message/vendor/tmtbe/swooledistributed/src/Server/Coroutine/CoroutineTask.ph (/home/vagrant/code/message/src/app/Controllers/Api/Frontend/TokenController.php:31) Stack trace: #0 unknown(0): app\AppServer->checkErrors()  [] []
[2018-10-16 19:09:12] SD.ALERT: WORKER Error {"worker_id":3,"worker_pid":8829,"exit_code":255} [] []
[2018-10-16 19:14:45] SD.ERROR: WORKER Error Invalid argument supplied for foreach() (/home/vagrant/code/message/src/app/Libs/Validator.php:73) [] []
[2018-10-16 19:14:45] SD.ERROR: WORKER Error Invalid argument supplied for foreach() (/home/vagrant/code/message/src/app/Libs/Validator.php:73) [] []
[2018-10-16 19:14:45] SD.ERROR: WORKER Error Undefined property: Server\CoreBase\HttpOutput::$response (/home/vagrant/code/message/vendor/tmtbe/swooledistributed/src/Server/CoreBase/HttpOutput.php:91) [] []
[2018-10-16 19:14:45] SD.ERROR: WORKER EXIT UNEXPECTED Uncaught Error: Call to a member function header() on null in /home/vagrant/code/message/vendor/tmtbe/swooledistributed/src/Server/CoreBase/HttpOutput.php:91 Stack trace: #0 /home/vagrant/code/message/src/app/Controllers/Api/BaseController.php(32): Server\CoreBase\HttpOutput->setHeader('Content-type', 'application/jso...') #1 /home/vagrant/code/message/src/app/Controllers/Api/BaseController.php(57): app\Controllers\Api\BaseController->json(0, '\xE8\xAF\xB7\xE8\xBE\x93\xE5\x85\xA5\xE6\xAD\xA3\xE7\xA1\xAE...') #2 /home/vagrant/code/message/src/app/Controllers/Api/Frontend/AuthController.php(70): app\Controllers\Api\BaseController->fail('\xE8\xAF\xB7\xE8\xBE\x93\xE5\x85\xA5\xE6\xAD\xA3\xE7\xA1\xAE...') #3 [internal function]: app\Controllers\Api\Frontend\AuthController->actionLogin() #4 /home/vagrant/code/message/vendor/tmtbe/swooledistributed/src/Server/Coroutine/CoroutineTask.php(59): Generator->current() #5 /home/vagrant/code/message/vendor/tmtbe/swooledistributed/src/Server/Coroutine/CoroutineTask.php(64): S (/home/vagrant/code/message/vendor/tmtbe/swooledistributed/src/Server/CoreBase/HttpOutput.php:91) Stack trace: #0 unknown(0): app\AppServer->checkErrors()  [] []
[2018-10-16 19:14:45] SD.ALERT: WORKER Error {"worker_id":3,"worker_pid":9555,"exit_code":255} [] []
[2018-10-16 19:14:57] SD.ERROR: WORKER Error Invalid argument supplied for foreach() (/home/vagrant/code/message/src/app/Libs/Validator.php:73) [] []
[2018-10-16 19:14:57] SD.ERROR: WORKER Error Invalid argument supplied for foreach() (/home/vagrant/code/message/src/app/Libs/Validator.php:73) [] []
[2018-10-16 19:14:57] SD.ERROR: WORKER Error Undefined property: Server\CoreBase\HttpOutput::$response (/home/vagrant/code/message/vendor/tmtbe/swooledistributed/src/Server/CoreBase/HttpOutput.php:91) [] []
[2018-10-16 19:14:57] SD.ERROR: WORKER EXIT UNEXPECTED Uncaught Error: Call to a member function header() on null in /home/vagrant/code/message/vendor/tmtbe/swooledistributed/src/Server/CoreBase/HttpOutput.php:91 Stack trace: #0 /home/vagrant/code/message/src/app/Controllers/Api/BaseController.php(32): Server\CoreBase\HttpOutput->setHeader('Content-type', 'application/jso...') #1 /home/vagrant/code/message/src/app/Controllers/Api/BaseController.php(57): app\Controllers\Api\BaseController->json(0, '\xE8\xAF\xB7\xE8\xBE\x93\xE5\x85\xA5\xE6\xAD\xA3\xE7\xA1\xAE...') #2 /home/vagrant/code/message/src/app/Controllers/Api/Frontend/AuthController.php(70): app\Controllers\Api\BaseController->fail('\xE8\xAF\xB7\xE8\xBE\x93\xE5\x85\xA5\xE6\xAD\xA3\xE7\xA1\xAE...') #3 [internal function]: app\Controllers\Api\Frontend\AuthController->actionLogin() #4 /home/vagrant/code/message/vendor/tmtbe/swooledistributed/src/Server/Coroutine/CoroutineTask.php(59): Generator->current() #5 /home/vagrant/code/message/vendor/tmtbe/swooledistributed/src/Server/Coroutine/CoroutineTask.php(64): S (/home/vagrant/code/message/vendor/tmtbe/swooledistributed/src/Server/CoreBase/HttpOutput.php:91) Stack trace: #0 unknown(0): app\AppServer->checkErrors()  [] []
[2018-10-16 19:14:57] SD.ALERT: WORKER Error {"worker_id":3,"worker_pid":9679,"exit_code":255} [] []
[2018-10-16 19:15:26] SD.ERROR: WORKER Error Invalid argument supplied for foreach() (/home/vagrant/code/message/src/app/Libs/Validator.php:73) [] []
[2018-10-16 19:15:26] SD.ERROR: WORKER Error Invalid argument supplied for foreach() (/home/vagrant/code/message/src/app/Libs/Validator.php:73) [] []
[2018-10-16 19:15:26] SD.ERROR: WORKER Error Undefined property: Server\CoreBase\HttpOutput::$response (/home/vagrant/code/message/vendor/tmtbe/swooledistributed/src/Server/CoreBase/HttpOutput.php:91) [] []
[2018-10-16 19:15:26] SD.ERROR: WORKER EXIT UNEXPECTED Uncaught Error: Call to a member function header() on null in /home/vagrant/code/message/vendor/tmtbe/swooledistributed/src/Server/CoreBase/HttpOutput.php:91 Stack trace: #0 /home/vagrant/code/message/src/app/Controllers/Api/BaseController.php(32): Server\CoreBase\HttpOutput->setHeader('Content-type', 'application/jso...') #1 /home/vagrant/code/message/src/app/Controllers/Api/BaseController.php(57): app\Controllers\Api\BaseController->json(0, '\xE8\xAF\xB7\xE8\xBE\x93\xE5\x85\xA5\xE6\xAD\xA3\xE7\xA1\xAE...') #2 /home/vagrant/code/message/src/app/Controllers/Api/Frontend/AuthController.php(70): app\Controllers\Api\BaseController->fail('\xE8\xAF\xB7\xE8\xBE\x93\xE5\x85\xA5\xE6\xAD\xA3\xE7\xA1\xAE...') #3 [internal function]: app\Controllers\Api\Frontend\AuthController->actionLogin() #4 /home/vagrant/code/message/vendor/tmtbe/swooledistributed/src/Server/Coroutine/CoroutineTask.php(59): Generator->current() #5 /home/vagrant/code/message/vendor/tmtbe/swooledistributed/src/Server/Coroutine/CoroutineTask.php(64): S (/home/vagrant/code/message/vendor/tmtbe/swooledistributed/src/Server/CoreBase/HttpOutput.php:91) Stack trace: #0 unknown(0): app\AppServer->checkErrors()  [] []
[2018-10-16 19:15:26] SD.ALERT: WORKER Error {"worker_id":3,"worker_pid":9711,"exit_code":255} [] []
[2018-10-16 19:17:16] SD.ERROR: WORKER Error Invalid argument supplied for foreach() (/home/vagrant/code/message/src/app/Libs/Validator.php:73) [] []
[2018-10-16 19:17:17] SD.ERROR: WORKER Error Invalid argument supplied for foreach() (/home/vagrant/code/message/src/app/Libs/Validator.php:73) [] []
[2018-10-16 19:17:17] SD.ERROR: WORKER Error Undefined property: Server\CoreBase\HttpOutput::$response (/home/vagrant/code/message/vendor/tmtbe/swooledistributed/src/Server/CoreBase/HttpOutput.php:91) [] []
[2018-10-16 19:17:17] SD.ERROR: WORKER EXIT UNEXPECTED Uncaught Error: Call to a member function header() on null in /home/vagrant/code/message/vendor/tmtbe/swooledistributed/src/Server/CoreBase/HttpOutput.php:91 Stack trace: #0 /home/vagrant/code/message/src/app/Controllers/Api/BaseController.php(32): Server\CoreBase\HttpOutput->setHeader('Content-type', 'application/jso...') #1 /home/vagrant/code/message/src/app/Controllers/Api/BaseController.php(57): app\Controllers\Api\BaseController->json(0, '\xE8\xAF\xB7\xE8\xBE\x93\xE5\x85\xA5\xE6\xAD\xA3\xE7\xA1\xAE...') #2 /home/vagrant/code/message/src/app/Controllers/Api/Frontend/AuthController.php(70): app\Controllers\Api\BaseController->fail('\xE8\xAF\xB7\xE8\xBE\x93\xE5\x85\xA5\xE6\xAD\xA3\xE7\xA1\xAE...') #3 [internal function]: app\Controllers\Api\Frontend\AuthController->actionLogin() #4 /home/vagrant/code/message/vendor/tmtbe/swooledistributed/src/Server/Coroutine/CoroutineTask.php(59): Generator->current() #5 /home/vagrant/code/message/vendor/tmtbe/swooledistributed/src/Server/Coroutine/CoroutineTask.php(64): S (/home/vagrant/code/message/vendor/tmtbe/swooledistributed/src/Server/CoreBase/HttpOutput.php:91) Stack trace: #0 unknown(0): app\AppServer->checkErrors()  [] []
[2018-10-16 19:17:17] SD.ALERT: WORKER Error {"worker_id":3,"worker_pid":9862,"exit_code":255} [] []
[2018-10-16 19:19:19] SD.ERROR: WORKER Error Invalid argument supplied for foreach() (/home/vagrant/code/message/src/app/Libs/Validator.php:73) [] []
[2018-10-16 19:19:19] SD.ERROR: WORKER Error Invalid argument supplied for foreach() (/home/vagrant/code/message/src/app/Libs/Validator.php:73) [] []
[2018-10-16 19:19:19] SD.ERROR: WORKER Error Undefined property: Server\CoreBase\HttpOutput::$response (/home/vagrant/code/message/vendor/tmtbe/swooledistributed/src/Server/CoreBase/HttpOutput.php:91) [] []
[2018-10-16 19:19:19] SD.ERROR: WORKER EXIT UNEXPECTED Uncaught Error: Call to a member function header() on null in /home/vagrant/code/message/vendor/tmtbe/swooledistributed/src/Server/CoreBase/HttpOutput.php:91 Stack trace: #0 /home/vagrant/code/message/src/app/Controllers/Api/BaseController.php(32): Server\CoreBase\HttpOutput->setHeader('Content-type', 'application/jso...') #1 /home/vagrant/code/message/src/app/Controllers/Api/BaseController.php(57): app\Controllers\Api\BaseController->json(0, '\xE8\xAF\xB7\xE8\xBE\x93\xE5\x85\xA5\xE6\xAD\xA3\xE7\xA1\xAE...') #2 /home/vagrant/code/message/src/app/Controllers/Api/Frontend/AuthController.php(70): app\Controllers\Api\BaseController->fail('\xE8\xAF\xB7\xE8\xBE\x93\xE5\x85\xA5\xE6\xAD\xA3\xE7\xA1\xAE...') #3 [internal function]: app\Controllers\Api\Frontend\AuthController->actionLogin() #4 /home/vagrant/code/message/vendor/tmtbe/swooledistributed/src/Server/Coroutine/CoroutineTask.php(59): Generator->current() #5 /home/vagrant/code/message/vendor/tmtbe/swooledistributed/src/Server/Coroutine/CoroutineTask.php(64): S (/home/vagrant/code/message/vendor/tmtbe/swooledistributed/src/Server/CoreBase/HttpOutput.php:91) Stack trace: #0 unknown(0): app\AppServer->checkErrors()  [] []
[2018-10-16 19:19:19] SD.ALERT: WORKER Error {"worker_id":3,"worker_pid":10006,"exit_code":255} [] []
[2018-10-16 19:20:07] SD.ERROR: WORKER Error Undefined property: Server\CoreBase\HttpOutput::$response (/home/vagrant/code/message/vendor/tmtbe/swooledistributed/src/Server/CoreBase/HttpOutput.php:91) [] []
[2018-10-16 19:20:07] SD.ERROR: WORKER EXIT UNEXPECTED Uncaught Error: Call to a member function header() on null in /home/vagrant/code/message/vendor/tmtbe/swooledistributed/src/Server/CoreBase/HttpOutput.php:91 Stack trace: #0 /home/vagrant/code/message/src/app/Controllers/Api/BaseController.php(32): Server\CoreBase\HttpOutput->setHeader('Content-type', 'application/jso...') #1 /home/vagrant/code/message/src/app/Controllers/Api/BaseController.php(57): app\Controllers\Api\BaseController->json(0, '\xE8\xAF\xB7\xE8\xBE\x93\xE5\x85\xA5\xE6\xAD\xA3\xE7\xA1\xAE...') #2 /home/vagrant/code/message/src/app/Controllers/Api/Frontend/AuthController.php(70): app\Controllers\Api\BaseController->fail('\xE8\xAF\xB7\xE8\xBE\x93\xE5\x85\xA5\xE6\xAD\xA3\xE7\xA1\xAE...') #3 [internal function]: app\Controllers\Api\Frontend\AuthController->actionLogin() #4 /home/vagrant/code/message/vendor/tmtbe/swooledistributed/src/Server/Coroutine/CoroutineTask.php(59): Generator->current() #5 /home/vagrant/code/message/vendor/tmtbe/swooledistributed/src/Server/Coroutine/CoroutineTask.php(64): S (/home/vagrant/code/message/vendor/tmtbe/swooledistributed/src/Server/CoreBase/HttpOutput.php:91) Stack trace: #0 unknown(0): app\AppServer->checkErrors()  [] []
[2018-10-16 19:20:07] SD.ALERT: WORKER Error {"worker_id":3,"worker_pid":10138,"exit_code":255} [] []
[2018-10-16 23:59:07] SD.ERROR: WORKER Error Declaration of app\Models\UserModel::findByID($transactionID, $id) should be compatible with app\Models\BaseModel::findByID($id) (/home/vagrant/code/message/src/app/Models/UserModel.php:16) [] []
[2018-10-16 23:59:07] SD.ERROR: WORKER EXIT UNEXPECTED Uncaught ArgumentCountError: Too few arguments to function app\Models\UserModel::findByPhone(), 1 passed and exactly 2 expected in /home/vagrant/code/message/src/app/Models/UserModel.php:91 Stack trace: #0 [internal function]: app\Models\UserModel->findByPhone('18702982564') #1 /home/vagrant/code/message/vendor/tmtbe/swooledistributed/src/Server/Components/AOP/Proxy.php(31): call_user_func_array(Array, Array) #2 /home/vagrant/code/message/src/app/Services/AuthService.php(51): Server\Components\AOP\Proxy->__call('findByPhone', Array) #3 [internal function]: app\Services\AuthService->sendRegisterCode('18702982564') #4 /home/vagrant/code/message/vendor/tmtbe/swooledistributed/src/Server/Coroutine/CoroutineTask.php(59): Generator->current() #5 /home/vagrant/code/message/vendor/tmtbe/swooledistributed/src/Server/Coroutine/CoroutineTask.php(64): Server\Coroutine\CoroutineTask->run() #6 /home/vagrant/code/message/vendor/tmtbe/swooledistributed/src/Server/Coroutine/CoroutineTask.php(64): Server\Coroutine\CoroutineTas (/home/vagrant/code/message/src/app/Models/UserModel.php:91) Stack trace: #0 unknown(0): app\AppServer->checkErrors()  [] []
[2018-10-16 23:59:07] SD.ALERT: WORKER Error {"worker_id":3,"worker_pid":12812,"exit_code":255} [] []
[2018-10-16 23:59:28] SD.ERROR: WORKER Error Declaration of app\Models\UserModel::findByID($transactionID, $id) should be compatible with app\Models\BaseModel::findByID($id) (/home/vagrant/code/message/src/app/Models/UserModel.php:16) [] []
[2018-10-16 23:59:28] SD.ERROR: WORKER EXIT UNEXPECTED Uncaught ArgumentCountError: Too few arguments to function app\Models\UserModel::findByPhone(), 1 passed and exactly 2 expected in /home/vagrant/code/message/src/app/Models/UserModel.php:91 Stack trace: #0 [internal function]: app\Models\UserModel->findByPhone('18702982564') #1 /home/vagrant/code/message/vendor/tmtbe/swooledistributed/src/Server/Components/AOP/Proxy.php(31): call_user_func_array(Array, Array) #2 /home/vagrant/code/message/src/app/Services/AuthService.php(51): Server\Components\AOP\Proxy->__call('findByPhone', Array) #3 [internal function]: app\Services\AuthService->sendRegisterCode('18702982564') #4 /home/vagrant/code/message/vendor/tmtbe/swooledistributed/src/Server/Coroutine/CoroutineTask.php(59): Generator->current() #5 /home/vagrant/code/message/vendor/tmtbe/swooledistributed/src/Server/Coroutine/CoroutineTask.php(64): Server\Coroutine\CoroutineTask->run() #6 /home/vagrant/code/message/vendor/tmtbe/swooledistributed/src/Server/Coroutine/CoroutineTask.php(64): Server\Coroutine\CoroutineTas (/home/vagrant/code/message/src/app/Models/UserModel.php:91) Stack trace: #0 unknown(0): app\AppServer->checkErrors()  [] []
[2018-10-16 23:59:28] SD.ALERT: WORKER Error {"worker_id":3,"worker_pid":12916,"exit_code":255} [] []
